<?xml version="1.0" encoding="UTF-8"?>
<!-- Generated by org.testng.reporters.JUnitXMLReporter -->
<testsuite ignored="0" hostname="INLPF5TK10A" failures="0" tests="5" name="Default test" time="88.93" errors="0" timestamp="2026-03-17T17:49:19 IST">
  <testcase classname="com.tests.CreateAbsence" name="verifyOracleLoginPage" time="5.776"/>
  <testcase classname="com.tests.CreateAbsence" name="verifyHomePage" time="23.384"/>
  <testcase classname="com.tests.CreateAbsence" name="verifyPersonManagementPage" time="6.084"/>
  <testcase classname="com.tests.CreateAbsence" name="verifyAbsenceRecordsPage" time="11.657"/>
  <testcase classname="com.tests.CreateAbsence" name="verifyAbsencePage" time="34.288"/>
</testsuite> <!-- Default test -->
