<?xml version="1.0" encoding="UTF-8"?>
<!-- Generated by org.testng.reporters.JUnitReportReporter -->
<testsuite hostname="INLPF5TK10A" failures="0" tests="3" name="com.tests.ValidatePersonManagementPage" time="85.021" errors="0" timestamp="2026-03-04T13:27:49 IST" skipped="0">
  <testcase classname="com.tests.ValidatePersonManagementPage" name="verifyOracleLoginPage" time="27.230"/>
  <testcase classname="com.tests.ValidatePersonManagementPage" name="verifyHomePage" time="26.144"/>
  <testcase classname="com.tests.ValidatePersonManagementPage" name="verifyPersonManagementPage" time="31.647"/>
</testsuite> <!-- com.tests.ValidatePersonManagementPage -->
