<?xml version="1.0" encoding="UTF-8"?>
<!-- Generated by org.testng.reporters.JUnitReportReporter -->
<testsuite hostname="INLPF5TK10A" failures="0" tests="5" name="com.tests.CreateAbsence" time="162.994" errors="0" timestamp="2026-03-09T16:09:31 IST" skipped="0">
  <testcase classname="com.tests.CreateAbsence" name="verifyOracleLoginPage" time="0.634"/>
  <testcase classname="com.tests.CreateAbsence" name="verifyHomePage" time="70.804"/>
  <testcase classname="com.tests.CreateAbsence" name="verifyPersonManagementPage" time="23.568"/>
  <testcase classname="com.tests.CreateAbsence" name="verifyAbsenceRecordsPage" time="33.315"/>
  <testcase classname="com.tests.CreateAbsence" name="verifyAbsencePage" time="34.673"/>
</testsuite> <!-- com.tests.CreateAbsence -->
