<?xml version="1.0" encoding="UTF-8"?>
<!-- Generated by org.testng.reporters.JUnitReportReporter -->
<testsuite hostname="INLPF5TK10A" failures="0" tests="5" name="com.tests.CreateAbsence" time="81.189" errors="0" timestamp="2026-03-17T17:49:25 IST" skipped="0">
  <testcase classname="com.tests.CreateAbsence" name="verifyOracleLoginPage" time="5.776"/>
  <testcase classname="com.tests.CreateAbsence" name="verifyHomePage" time="23.384"/>
  <testcase classname="com.tests.CreateAbsence" name="verifyPersonManagementPage" time="6.084"/>
  <testcase classname="com.tests.CreateAbsence" name="verifyAbsenceRecordsPage" time="11.657"/>
  <testcase classname="com.tests.CreateAbsence" name="verifyAbsencePage" time="34.288"/>
</testsuite> <!-- com.tests.CreateAbsence -->
