<?xml version="1.0" encoding="UTF-8"?>
<testng-results ignored="0" total="1" passed="1" failed="0" skipped="0">
  <reporter-output>
  </reporter-output>
  <suite started-at="2026-03-09T17:55:41 IST" name="Default suite" finished-at="2026-03-09T17:56:16 IST" duration-ms="35218">
    <groups>
    </groups>
    <test started-at="2026-03-09T17:55:41 IST" name="Default test" finished-at="2026-03-09T17:56:16 IST" duration-ms="35218">
      <class name="com.tests.LoginTest">
        <test-method is-config="true" signature="setup()[pri:0, instance:com.tests.LoginTest@7c6908d7]" started-at="2026-03-09T17:55:41 IST" name="setup" finished-at="2026-03-09T17:55:49 IST" duration-ms="7862" status="PASS">
          <reporter-output>
          </reporter-output>
        </test-method> <!-- setup -->
        <test-method signature="verifyOracleLoginPage()[pri:0, instance:com.tests.LoginTest@7c6908d7]" started-at="2026-03-09T17:55:49 IST" name="verifyOracleLoginPage" finished-at="2026-03-09T17:56:16 IST" duration-ms="27014" status="PASS">
          <reporter-output>
          </reporter-output>
        </test-method> <!-- verifyOracleLoginPage -->
        <test-method is-config="true" signature="tearDown()[pri:0, instance:com.tests.LoginTest@7c6908d7]" started-at="2026-03-09T17:56:16 IST" name="tearDown" finished-at="2026-03-09T17:56:16 IST" duration-ms="325" status="PASS">
          <reporter-output>
          </reporter-output>
        </test-method> <!-- tearDown -->
      </class> <!-- com.tests.LoginTest -->
    </test> <!-- Default test -->
  </suite> <!-- Default suite -->
</testng-results>
