<?xml version="1.0" encoding="UTF-8"?>
<testng-results ignored="0" total="5" passed="5" failed="0" skipped="0">
  <reporter-output>
  </reporter-output>
  <suite started-at="2026-03-17T17:47:50 IST" name="Default suite" finished-at="2026-03-17T17:49:19 IST" duration-ms="88930">
    <groups>
    </groups>
    <test started-at="2026-03-17T17:47:50 IST" name="Default test" finished-at="2026-03-17T17:49:19 IST" duration-ms="88930">
      <class name="com.tests.CreateAbsence">
        <test-method is-config="true" signature="setup()[pri:0, instance:com.tests.CreateAbsence@2cd76f31]" started-at="2026-03-17T17:47:50 IST" name="setup" finished-at="2026-03-17T17:47:57 IST" duration-ms="6860" status="PASS">
          <reporter-output>
          </reporter-output>
        </test-method> <!-- setup -->
        <test-method signature="verifyOracleLoginPage()[pri:1, instance:com.tests.CreateAbsence@2cd76f31]" started-at="2026-03-17T17:47:57 IST" name="verifyOracleLoginPage" finished-at="2026-03-17T17:48:03 IST" duration-ms="5776" status="PASS">
          <reporter-output>
          </reporter-output>
        </test-method> <!-- verifyOracleLoginPage -->
        <test-method signature="verifyHomePage()[pri:2, instance:com.tests.CreateAbsence@2cd76f31]" started-at="2026-03-17T17:48:03 IST" name="verifyHomePage" finished-at="2026-03-17T17:48:26 IST" duration-ms="23384" status="PASS">
          <reporter-output>
          </reporter-output>
        </test-method> <!-- verifyHomePage -->
        <test-method signature="verifyPersonManagementPage()[pri:3, instance:com.tests.CreateAbsence@2cd76f31]" started-at="2026-03-17T17:48:26 IST" name="verifyPersonManagementPage" finished-at="2026-03-17T17:48:32 IST" duration-ms="6084" status="PASS">
          <reporter-output>
          </reporter-output>
        </test-method> <!-- verifyPersonManagementPage -->
        <test-method signature="verifyAbsenceRecordsPage()[pri:4, instance:com.tests.CreateAbsence@2cd76f31]" started-at="2026-03-17T17:48:32 IST" name="verifyAbsenceRecordsPage" finished-at="2026-03-17T17:48:44 IST" duration-ms="11657" status="PASS">
          <reporter-output>
          </reporter-output>
        </test-method> <!-- verifyAbsenceRecordsPage -->
        <test-method signature="verifyAbsencePage()[pri:5, instance:com.tests.CreateAbsence@2cd76f31]" started-at="2026-03-17T17:48:44 IST" name="verifyAbsencePage" finished-at="2026-03-17T17:49:18 IST" duration-ms="34288" status="PASS">
          <reporter-output>
          </reporter-output>
        </test-method> <!-- verifyAbsencePage -->
        <test-method is-config="true" signature="tearDown()[pri:0, instance:com.tests.CreateAbsence@2cd76f31]" started-at="2026-03-17T17:49:18 IST" name="tearDown" finished-at="2026-03-17T17:49:19 IST" duration-ms="841" status="PASS">
          <reporter-output>
          </reporter-output>
        </test-method> <!-- tearDown -->
        <test-method is-config="true" signature="generatePDFReport()[pri:0, instance:com.tests.CreateAbsence@2cd76f31]" started-at="2026-03-17T17:49:19 IST" name="generatePDFReport" finished-at="2026-03-17T17:49:25 IST" duration-ms="5240" status="PASS">
          <reporter-output>
          </reporter-output>
        </test-method> <!-- generatePDFReport -->
      </class> <!-- com.tests.CreateAbsence -->
    </test> <!-- Default test -->
  </suite> <!-- Default suite -->
</testng-results>
